============================= test session starts ==============================
platform darwin -- Python 3.9.6, pytest-8.4.1, pluggy-1.6.0
rootdir: /Users/web/Downloads/smc_tradingview
collected 15 items

test_backtester.py .                                                     [  6%]
test_backtester_completo.py .                                            [ 13%]
test_backtester_simplificado.py .                                        [ 20%]
test_correccion_inconsistencia.py .                                      [ 26%]
test_corrections.py .                                                    [ 33%]
test_counting_fix.py .                                                   [ 40%]
test_dataframe_fix.py .                                                  [ 46%]
test_extended_data.py .                                                  [ 53%]
test_fvg_count.py .                                                      [ 60%]
test_integration_complete.py ..                                          [ 73%]
test_realistic_sl_tp.py .                                                [ 80%]
test_smc_strategy.py .                                                   [ 86%]
test_smc_structure.py .                                                  [ 93%]
test_trade_engine.py .                                                   [100%]

=============================== warnings summary ===============================
.venv/lib/python3.9/site-packages/urllib3/__init__.py:35
  /Users/web/Downloads/smc_tradingview/.venv/lib/python3.9/site-packages/urllib3/__init__.py:35: NotOpenSSLWarning:
  
  urllib3 v2 only supports OpenSSL 1.1.1+, currently the 'ssl' module is compiled with 'LibreSSL 2.8.3'. See: https://github.com/urllib3/urllib3/issues/3020

test_backtester.py::test_backtester
  /Users/web/Downloads/smc_tradingview/.venv/lib/python3.9/site-packages/_pytest/python.py:161: PytestReturnNotNoneWarning:
  
  Test functions should return None, but test_backtester.py::test_backtester returned <class 'tuple'>.
  Did you mean to use `assert` instead of `return`?
  See https://docs.pytest.org/en/stable/how-to/assert.html#return-not-none for more information.

test_backtester_completo.py::test_smc_backtester
  /Users/web/Downloads/smc_tradingview/.venv/lib/python3.9/site-packages/_pytest/python.py:161: PytestReturnNotNoneWarning:
  
  Test functions should return None, but test_backtester_completo.py::test_smc_backtester returned <class 'bool'>.
  Did you mean to use `assert` instead of `return`?
  See https://docs.pytest.org/en/stable/how-to/assert.html#return-not-none for more information.

test_backtester_simplificado.py::test_backtester_with_mock_signals
  /Users/web/Downloads/smc_tradingview/.venv/lib/python3.9/site-packages/_pytest/python.py:161: PytestReturnNotNoneWarning:
  
  Test functions should return None, but test_backtester_simplificado.py::test_backtester_with_mock_signals returned <class 'bool'>.
  Did you mean to use `assert` instead of `return`?
  See https://docs.pytest.org/en/stable/how-to/assert.html#return-not-none for more information.

test_correccion_inconsistencia.py::test_bos_choch_consistency
  /Users/web/Downloads/smc_tradingview/.venv/lib/python3.9/site-packages/_pytest/python.py:161: PytestReturnNotNoneWarning:
  
  Test functions should return None, but test_correccion_inconsistencia.py::test_bos_choch_consistency returned <class 'bool'>.
  Did you mean to use `assert` instead of `return`?
  See https://docs.pytest.org/en/stable/how-to/assert.html#return-not-none for more information.

test_corrections.py::test_corrections
  /Users/web/Downloads/smc_tradingview/.venv/lib/python3.9/site-packages/_pytest/python.py:161: PytestReturnNotNoneWarning:
  
  Test functions should return None, but test_corrections.py::test_corrections returned <class 'bool'>.
  Did you mean to use `assert` instead of `return`?
  See https://docs.pytest.org/en/stable/how-to/assert.html#return-not-none for more information.

test_dataframe_fix.py::test_display_bot_metrics
  /Users/web/Downloads/smc_tradingview/.venv/lib/python3.9/site-packages/_pytest/python.py:161: PytestReturnNotNoneWarning:
  
  Test functions should return None, but test_dataframe_fix.py::test_display_bot_metrics returned <class 'bool'>.
  Did you mean to use `assert` instead of `return`?
  See https://docs.pytest.org/en/stable/how-to/assert.html#return-not-none for more information.

test_extended_data.py::test_extended_data
  /Users/web/Downloads/smc_tradingview/.venv/lib/python3.9/site-packages/_pytest/python.py:161: PytestReturnNotNoneWarning:
  
  Test functions should return None, but test_extended_data.py::test_extended_data returned <class 'pandas.core.frame.DataFrame'>.
  Did you mean to use `assert` instead of `return`?
  See https://docs.pytest.org/en/stable/how-to/assert.html#return-not-none for more information.

test_integration_complete.py::test_complete_integration
  /Users/web/Downloads/smc_tradingview/.venv/lib/python3.9/site-packages/_pytest/python.py:161: PytestReturnNotNoneWarning:
  
  Test functions should return None, but test_integration_complete.py::test_complete_integration returned <class 'bool'>.
  Did you mean to use `assert` instead of `return`?
  See https://docs.pytest.org/en/stable/how-to/assert.html#return-not-none for more information.

test_integration_complete.py::test_streamlit_components
  /Users/web/Downloads/smc_tradingview/.venv/lib/python3.9/site-packages/_pytest/python.py:161: PytestReturnNotNoneWarning:
  
  Test functions should return None, but test_integration_complete.py::test_streamlit_components returned <class 'bool'>.
  Did you mean to use `assert` instead of `return`?
  See https://docs.pytest.org/en/stable/how-to/assert.html#return-not-none for more information.

-- Docs: https://docs.pytest.org/en/stable/how-to/capture-warnings.html
================= 15 passed, 10 warnings in 155.31s (0:02:35) ==================
